# JRE version: OpenJDK Runtime Environment Temurin-17.0.8.1+1 (17.0.8.1+1) (build 17.0.8.1+1)
# Java VM: OpenJDK 64-Bit Server VM Temurin-17.0.8.1+1 (17.0.8.1+1, mixed mode, sharing, tiered, compressed oops, compressed class ptrs, g1 gc, windows-amd64)
GC Precious Log:
 CPUs: 6 total, 6 available
 Memory: 16306M
 Large Page Support: Disabled
 NUMA Support: Disabled
 Compressed Oops: Enabled (Zero based)
 Heap Region Size: 2M
 Heap Min Capacity: 8M
 Heap Initial Capacity: 256M
 Heap Max Capacity: 4078M
 Pre-touch: Disabled
 Parallel Workers: 6
 Concurrent Workers: 2
 Concurrent Refinement Workers: 6
 Periodic GC: Disabled
Heap:
 garbage-first heap   total 192512K, used 145937K [0x0000000701200000, 0x0000000800000000)
  region size 2048K, 52 young (106496K), 1 survivors (2048K)
 Metaspace       used 82783K, committed 83392K, reserved 1179648K
  class space    used 10948K, committed 11264K, reserved 1048576K
GC Heap History (20 events):
Event: 202.780 GC heap before
{Heap before GC invocations=47 (full 0):
 garbage-first heap   total 192512K, used 156157K [0x0000000701200000, 0x0000000800000000)
  region size 2048K, 56 young (114688K), 1 survivors (2048K)
 Metaspace       used 82698K, committed 83328K, reserved 1179648K
  class space    used 10948K, committed 11264K, reserved 1048576K
}
Event: 202.781 GC heap after
{Heap after GC invocations=48 (full 0):
 garbage-first heap   total 192512K, used 43523K [0x0000000701200000, 0x0000000800000000)
  region size 2048K, 1 young (2048K), 1 survivors (2048K)
 Metaspace       used 82698K, committed 83328K, reserved 1179648K
  class space    used 10948K, committed 11264K, reserved 1048576K
}
Event: 204.278 GC heap before
{Heap before GC invocations=48 (full 0):
 garbage-first heap   total 192512K, used 156163K [0x0000000701200000, 0x0000000800000000)
  region size 2048K, 56 young (114688K), 1 survivors (2048K)
 Metaspace       used 82725K, committed 83392K, reserved 1179648K
  class space    used 10948K, committed 11264K, reserved 1048576K
}
Event: 204.279 GC heap after
{Heap after GC invocations=49 (full 0):
 garbage-first heap   total 192512K, used 43602K [0x0000000701200000, 0x0000000800000000)
  region size 2048K, 1 young (2048K), 1 survivors (2048K)
 Metaspace       used 82725K, committed 83392K, reserved 1179648K
  class space    used 10948K, committed 11264K, reserved 1048576K
}
Event: 205.365 GC heap before
{Heap before GC invocations=49 (full 0):
 garbage-first heap   total 192512K, used 156242K [0x0000000701200000, 0x0000000800000000)
  region size 2048K, 56 young (114688K), 1 survivors (2048K)
 Metaspace       used 82734K, committed 83392K, reserved 1179648K
  class space    used 10948K, committed 11264K, reserved 1048576K
}
Event: 205.367 GC heap after
{Heap after GC invocations=50 (full 0):
 garbage-first heap   total 192512K, used 43510K [0x0000000701200000, 0x0000000800000000)
  region size 2048K, 1 young (2048K), 1 survivors (2048K)
 Metaspace       used 82734K, committed 83392K, reserved 1179648K
  class space    used 10948K, committed 11264K, reserved 1048576K
}
Event: 206.823 GC heap before
{Heap before GC invocations=50 (full 0):
 garbage-first heap   total 192512K, used 156150K [0x0000000701200000, 0x0000000800000000)
  region size 2048K, 56 young (114688K), 1 survivors (2048K)
 Metaspace       used 82739K, committed 83392K, reserved 1179648K
  class space    used 10948K, committed 11264K, reserved 1048576K
}
Event: 206.824 GC heap after
{Heap after GC invocations=51 (full 0):
 garbage-first heap   total 192512K, used 43522K [0x0000000701200000, 0x0000000800000000)
  region size 2048K, 1 young (2048K), 1 survivors (2048K)
 Metaspace       used 82739K, committed 83392K, reserved 1179648K
  class space    used 10948K, committed 11264K, reserved 1048576K
}
Event: 210.560 GC heap before
{Heap before GC invocations=51 (full 0):
 garbage-first heap   total 192512K, used 156162K [0x0000000701200000, 0x0000000800000000)
  region size 2048K, 56 young (114688K), 1 survivors (2048K)
 Metaspace       used 82739K, committed 83392K, reserved 1179648K
  class space    used 10948K, committed 11264K, reserved 1048576K
}
Event: 210.560 GC heap after
{Heap after GC invocations=52 (full 0):
 garbage-first heap   total 192512K, used 43580K [0x0000000701200000, 0x0000000800000000)
  region size 2048K, 1 young (2048K), 1 survivors (2048K)
 Metaspace       used 82739K, committed 83392K, reserved 1179648K
  class space    used 10948K, committed 11264K, reserved 1048576K
}
Event: 211.691 GC heap before
{Heap before GC invocations=52 (full 0):
 garbage-first heap   total 192512K, used 156220K [0x0000000701200000, 0x0000000800000000)
  region size 2048K, 56 young (114688K), 1 survivors (2048K)
 Metaspace       used 82744K, committed 83392K, reserved 1179648K
  class space    used 10948K, committed 11264K, reserved 1048576K
}
Event: 211.692 GC heap after
{Heap after GC invocations=53 (full 0):
 garbage-first heap   total 192512K, used 43538K [0x0000000701200000, 0x0000000800000000)
  region size 2048K, 1 young (2048K), 1 survivors (2048K)
 Metaspace       used 82744K, committed 83392K, reserved 1179648K
  class space    used 10948K, committed 11264K, reserved 1048576K
}
Event: 213.782 GC heap before
{Heap before GC invocations=53 (full 0):
 garbage-first heap   total 192512K, used 156178K [0x0000000701200000, 0x0000000800000000)
  region size 2048K, 56 young (114688K), 1 survivors (2048K)
 Metaspace       used 82744K, committed 83392K, reserved 1179648K
  class space    used 10948K, committed 11264K, reserved 1048576K
}
Event: 213.783 GC heap after
{Heap after GC invocations=54 (full 0):
 garbage-first heap   total 192512K, used 43585K [0x0000000701200000, 0x0000000800000000)
  region size 2048K, 1 young (2048K), 1 survivors (2048K)
 Metaspace       used 82744K, committed 83392K, reserved 1179648K
  class space    used 10948K, committed 11264K, reserved 1048576K
}
Event: 216.960 GC heap before
{Heap before GC invocations=54 (full 0):
 garbage-first heap   total 192512K, used 156225K [0x0000000701200000, 0x0000000800000000)
  region size 2048K, 56 young (114688K), 1 survivors (2048K)
 Metaspace       used 82747K, committed 83392K, reserved 1179648K
  class space    used 10948K, committed 11264K, reserved 1048576K
}
Event: 216.961 GC heap after
{Heap after GC invocations=55 (full 0):
 garbage-first heap   total 192512K, used 43594K [0x0000000701200000, 0x0000000800000000)
  region size 2048K, 1 young (2048K), 1 survivors (2048K)
 Metaspace       used 82747K, committed 83392K, reserved 1179648K
  class space    used 10948K, committed 11264K, reserved 1048576K
}
Event: 220.787 GC heap before
{Heap before GC invocations=55 (full 0):
 garbage-first heap   total 192512K, used 156234K [0x0000000701200000, 0x0000000800000000)
  region size 2048K, 56 young (114688K), 1 survivors (2048K)
 Metaspace       used 82759K, committed 83392K, reserved 1179648K
  class space    used 10948K, committed 11264K, reserved 1048576K
}
Event: 220.787 GC heap after
{Heap after GC invocations=56 (full 0):
 garbage-first heap   total 192512K, used 43541K [0x0000000701200000, 0x0000000800000000)
  region size 2048K, 1 young (2048K), 1 survivors (2048K)
 Metaspace       used 82759K, committed 83392K, reserved 1179648K
  class space    used 10948K, committed 11264K, reserved 1048576K
}
Event: 225.784 GC heap before
{Heap before GC invocations=56 (full 0):
 garbage-first heap   total 192512K, used 156181K [0x0000000701200000, 0x0000000800000000)
  region size 2048K, 56 young (114688K), 1 survivors (2048K)
 Metaspace       used 82776K, committed 83392K, reserved 1179648K
  class space    used 10948K, committed 11264K, reserved 1048576K
}
Event: 225.785 GC heap after
{Heap after GC invocations=57 (full 0):
 garbage-first heap   total 192512K, used 43537K [0x0000000701200000, 0x0000000800000000)
  region size 2048K, 1 young (2048K), 1 survivors (2048K)
 Metaspace       used 82776K, committed 83392K, reserved 1179648K
  class space    used 10948K, committed 11264K, reserved 1048576K
}

